# JRE version: OpenJDK Runtime Environment (8.0_152-b01) (build 1.8.0_152-release-1343-b01)
# Java VM: OpenJDK 64-Bit Server VM (25.152-b01 mixed mode windows-amd64 compressed oops)
Heap:
 PSYoungGen      total 472064K, used 453012K [0x00000000e0000000, 0x0000000100000000, 0x0000000100000000)
  eden space 442368K, 96% used [0x00000000e0000000,0x00000000f9f8d820,0x00000000fb000000)
  from space 29696K, 92% used [0x00000000fe180000,0x00000000ffc577f0,0x00000000ffe80000)
  to   space 40960K, 0% used [0x00000000fb000000,0x00000000fb000000,0x00000000fd800000)
 ParOldGen       total 127488K, used 67810K [0x00000000a0000000, 0x00000000a7c80000, 0x00000000e0000000)
  object space 127488K, 53% used [0x00000000a0000000,0x00000000a4238ba0,0x00000000a7c80000)
 Metaspace       used 95951K, capacity 100284K, committed 100440K, reserved 1136640K
  class space    used 12712K, capacity 13636K, committed 13696K, reserved 1048576K
GC Heap History (10 events):
Event: 10426.148 GC heap before
{Heap before GC invocations=19 (full 3):
 PSYoungGen      total 387584K, used 360634K [0x00000000e0000000, 0x0000000100000000, 0x0000000100000000)
  eden space 356864K, 100% used [0x00000000e0000000,0x00000000f5c80000,0x00000000f5c80000)
  from space 30720K, 12% used [0x00000000f5c80000,0x00000000f602eb20,0x00000000f7a80000)
  to   space 30208K, 0% used [0x00000000fe280000,0x00000000fe280000,0x0000000100000000)
 ParOldGen       total 76800K, used 52575K [0x00000000a0000000, 0x00000000a4b00000, 0x00000000e0000000)
  object space 76800K, 68% used [0x00000000a0000000,0x00000000a3357d80,0x00000000a4b00000)
 Metaspace       used 77757K, capacity 81056K, committed 81240K, reserved 1120256K
  class space    used 10239K, capacity 11012K, committed 11136K, reserved 1048576K
Event: 10427.086 GC heap after
Heap after GC invocations=19 (full 3):
 PSYoungGen      total 492032K, used 18406K [0x00000000e0000000, 0x0000000100000000, 0x0000000100000000)
  eden space 461824K, 0% used [0x00000000e0000000,0x00000000e0000000,0x00000000fc300000)
  from space 30208K, 60% used [0x00000000fe280000,0x00000000ff479978,0x0000000100000000)
  to   space 31232K, 0% used [0x00000000fc300000,0x00000000fc300000,0x00000000fe180000)
 ParOldGen       total 76800K, used 53555K [0x00000000a0000000, 0x00000000a4b00000, 0x00000000e0000000)
  object space 76800K, 69% used [0x00000000a0000000,0x00000000a344cdb0,0x00000000a4b00000)
 Metaspace       used 77757K, capacity 81056K, committed 81240K, reserved 1120256K
  class space    used 10239K, capacity 11012K, committed 11136K, reserved 1048576K
}
Event: 10441.044 GC heap before
{Heap before GC invocations=20 (full 3):
 PSYoungGen      total 492032K, used 100820K [0x00000000e0000000, 0x0000000100000000, 0x0000000100000000)
  eden space 461824K, 17% used [0x00000000e0000000,0x00000000e507b7d8,0x00000000fc300000)
  from space 30208K, 60% used [0x00000000fe280000,0x00000000ff479978,0x0000000100000000)
  to   space 31232K, 0% used [0x00000000fc300000,0x00000000fc300000,0x00000000fe180000)
 ParOldGen       total 76800K, used 53555K [0x00000000a0000000, 0x00000000a4b00000, 0x00000000e0000000)
  object space 76800K, 69% used [0x00000000a0000000,0x00000000a344cdb0,0x00000000a4b00000)
 Metaspace       used 85388K, capacity 88818K, committed 89176K, reserved 1126400K
  class space    used 11291K, capacity 12033K, committed 12160K, reserved 1048576K
Event: 10441.128 GC heap after
Heap after GC invocations=20 (full 3):
 PSYoungGen      total 493056K, used 8798K [0x00000000e0000000, 0x00000000ffe80000, 0x0000000100000000)
  eden space 461824K, 0% used [0x00000000e0000000,0x00000000e0000000,0x00000000fc300000)
  from space 31232K, 28% used [0x00000000fc300000,0x00000000fcb97a48,0x00000000fe180000)
  to   space 29696K, 0% used [0x00000000fe180000,0x00000000fe180000,0x00000000ffe80000)
 ParOldGen       total 76800K, used 67329K [0x00000000a0000000, 0x00000000a4b00000, 0x00000000e0000000)
  object space 76800K, 87% used [0x00000000a0000000,0x00000000a41c0620,0x00000000a4b00000)
 Metaspace       used 85388K, capacity 88818K, committed 89176K, reserved 1126400K
  class space    used 11291K, capacity 12033K, committed 12160K, reserved 1048576K
}
Event: 10441.128 GC heap before
{Heap before GC invocations=21 (full 4):
 PSYoungGen      total 493056K, used 8798K [0x00000000e0000000, 0x00000000ffe80000, 0x0000000100000000)
  eden space 461824K, 0% used [0x00000000e0000000,0x00000000e0000000,0x00000000fc300000)
  from space 31232K, 28% used [0x00000000fc300000,0x00000000fcb97a48,0x00000000fe180000)
  to   space 29696K, 0% used [0x00000000fe180000,0x00000000fe180000,0x00000000ffe80000)
 ParOldGen       total 76800K, used 67329K [0x00000000a0000000, 0x00000000a4b00000, 0x00000000e0000000)
  object space 76800K, 87% used [0x00000000a0000000,0x00000000a41c0620,0x00000000a4b00000)
 Metaspace       used 85388K, capacity 88818K, committed 89176K, reserved 1126400K
  class space    used 11291K, capacity 12033K, committed 12160K, reserved 1048576K
Event: 10442.935 GC heap after
Heap after GC invocations=21 (full 4):
 PSYoungGen      total 493056K, used 0K [0x00000000e0000000, 0x00000000ffe80000, 0x0000000100000000)
  eden space 461824K, 0% used [0x00000000e0000000,0x00000000e0000000,0x00000000fc300000)
  from space 31232K, 0% used [0x00000000fc300000,0x00000000fc300000,0x00000000fe180000)
  to   space 29696K, 0% used [0x00000000fe180000,0x00000000fe180000,0x00000000ffe80000)
 ParOldGen       total 76800K, used 55155K [0x00000000a0000000, 0x00000000a4b00000, 0x00000000e0000000)
  object space 76800K, 71% used [0x00000000a0000000,0x00000000a35dccd8,0x00000000a4b00000)
 Metaspace       used 84823K, capacity 87626K, committed 89176K, reserved 1126400K
  class space    used 11131K, capacity 11722K, committed 12160K, reserved 1048576K
}
Event: 10491.885 GC heap before
{Heap before GC invocations=22 (full 4):
 PSYoungGen      total 493056K, used 461049K [0x00000000e0000000, 0x00000000ffe80000, 0x0000000100000000)
  eden space 461824K, 99% used [0x00000000e0000000,0x00000000fc23e590,0x00000000fc300000)
  from space 31232K, 0% used [0x00000000fc300000,0x00000000fc300000,0x00000000fe180000)
  to   space 29696K, 0% used [0x00000000fe180000,0x00000000fe180000,0x00000000ffe80000)
 ParOldGen       total 76800K, used 56179K [0x00000000a0000000, 0x00000000a4b00000, 0x00000000e0000000)
  object space 76800K, 73% used [0x00000000a0000000,0x00000000a36dcce8,0x00000000a4b00000)
 Metaspace       used 95341K, capacity 99450K, committed 99672K, reserved 1134592K
  class space    used 12647K, capacity 13510K, committed 13696K, reserved 1048576K
Event: 10492.869 GC heap after
Heap after GC invocations=22 (full 4):
 PSYoungGen      total 472064K, used 29695K [0x00000000e0000000, 0x0000000100000000, 0x0000000100000000)
  eden space 442368K, 0% used [0x00000000e0000000,0x00000000e0000000,0x00000000fb000000)
  from space 29696K, 99% used [0x00000000fe180000,0x00000000ffe7ffe8,0x00000000ffe80000)
  to   space 40960K, 0% used [0x00000000fb000000,0x00000000fb000000,0x00000000fd800000)
 ParOldGen       total 76800K, used 72472K [0x00000000a0000000, 0x00000000a4b00000, 0x00000000e0000000)
  object space 76800K, 94% used [0x00000000a0000000,0x00000000a46c6270,0x00000000a4b00000)
 Metaspace       used 95341K, capacity 99450K, committed 99672K, reserved 1134592K
  class space    used 12647K, capacity 13510K, committed 13696K, reserved 1048576K
}
Event: 10492.870 GC heap before
{Heap before GC invocations=23 (full 5):
 PSYoungGen      total 472064K, used 29695K [0x00000000e0000000, 0x0000000100000000, 0x0000000100000000)
  eden space 442368K, 0% used [0x00000000e0000000,0x00000000e0000000,0x00000000fb000000)
  from space 29696K, 99% used [0x00000000fe180000,0x00000000ffe7ffe8,0x00000000ffe80000)
  to   space 40960K, 0% used [0x00000000fb000000,0x00000000fb000000,0x00000000fd800000)
 ParOldGen       total 76800K, used 72472K [0x00000000a0000000, 0x00000000a4b00000, 0x00000000e0000000)
  object space 76800K, 94% used [0x00000000a0000000,0x00000000a46c6270,0x00000000a4b00000)
 Metaspace       used 95341K, capacity 99450K, committed 99672K, reserved 1134592K
  class space    used 12647K, capacity 13510K, committed 13696K, reserved 1048576K
Event: 10496.415 GC heap after
Heap after GC invocations=23 (full 5):
 PSYoungGen      total 472064K, used 27485K [0x00000000e0000000, 0x0000000100000000, 0x0000000100000000)
  eden space 442368K, 0% used [0x00000000e0000000,0x00000000e0000000,0x00000000fb000000)
  from space 29696K, 92% used [0x00000000fe180000,0x00000000ffc577f0,0x00000000ffe80000)
  to   space 40960K, 0% used [0x00000000fb000000,0x00000000fb000000,0x00000000fd800000)
 ParOldGen       total 127488K, used 67810K [0x00000000a0000000, 0x00000000a7c80000, 0x00000000e0000000)
  object space 127488K, 53% used [0x00000000a0000000,0x00000000a4238ba0,0x00000000a7c80000)
 Metaspace       used 95174K, capacity 99082K, committed 99672K, reserved 1134592K
  class space    used 12586K, capacity 13404K, committed 13696K, reserved 1048576K
}

