# JRE version: OpenJDK Runtime Environment (8.0_152-b01) (build 1.8.0_152-release-1343-b01)
# Java VM: OpenJDK 64-Bit Server VM (25.152-b01 mixed mode windows-amd64 compressed oops)
Heap:
 PSYoungGen      total 464384K, used 337755K [0x00000000e0000000, 0x00000000fff00000, 0x0000000100000000)
  eden space 421888K, 74% used [0x00000000e0000000,0x00000000f34cdfd8,0x00000000f9c00000)
  from space 42496K, 50% used [0x00000000f9c00000,0x00000000fb108f88,0x00000000fc580000)
  to   space 41472K, 0% used [0x00000000fd680000,0x00000000fd680000,0x00000000fff00000)
 ParOldGen       total 157696K, used 128249K [0x00000000a0000000, 0x00000000a9a00000, 0x00000000e0000000)
  object space 157696K, 81% used [0x00000000a0000000,0x00000000a7d3e478,0x00000000a9a00000)
 Metaspace       used 103947K, capacity 109028K, committed 109272K, reserved 1144832K
  class space    used 13399K, capacity 14445K, committed 14592K, reserved 1048576K
GC Heap History (10 events):
Event: 195.949 GC heap before
{Heap before GC invocations=35 (full 4):
 PSYoungGen      total 334848K, used 326669K [0x00000000e0000000, 0x00000000f6200000, 0x0000000100000000)
  eden space 310272K, 100% used [0x00000000e0000000,0x00000000f2f00000,0x00000000f2f00000)
  from space 24576K, 66% used [0x00000000f4a00000,0x00000000f5a03698,0x00000000f6200000)
  to   space 26112K, 0% used [0x00000000f2f00000,0x00000000f2f00000,0x00000000f4880000)
 ParOldGen       total 157696K, used 91331K [0x00000000a0000000, 0x00000000a9a00000, 0x00000000e0000000)
  object space 157696K, 57% used [0x00000000a0000000,0x00000000a5930cd8,0x00000000a9a00000)
 Metaspace       used 93771K, capacity 97928K, committed 98264K, reserved 1134592K
  class space    used 12039K, capacity 12955K, committed 13056K, reserved 1048576K
Event: 196.670 GC heap after
Heap after GC invocations=35 (full 4):
 PSYoungGen      total 336384K, used 26108K [0x00000000e0000000, 0x00000000fa180000, 0x0000000100000000)
  eden space 310272K, 0% used [0x00000000e0000000,0x00000000e0000000,0x00000000f2f00000)
  from space 26112K, 99% used [0x00000000f2f00000,0x00000000f487f208,0x00000000f4880000)
  to   space 34816K, 0% used [0x00000000f7f80000,0x00000000f7f80000,0x00000000fa180000)
 ParOldGen       total 157696K, used 104003K [0x00000000a0000000, 0x00000000a9a00000, 0x00000000e0000000)
  object space 157696K, 65% used [0x00000000a0000000,0x00000000a6590f08,0x00000000a9a00000)
 Metaspace       used 93771K, capacity 97928K, committed 98264K, reserved 1134592K
  class space    used 12039K, capacity 12955K, committed 13056K, reserved 1048576K
}
Event: 200.514 GC heap before
{Heap before GC invocations=36 (full 4):
 PSYoungGen      total 336384K, used 336380K [0x00000000e0000000, 0x00000000fa180000, 0x0000000100000000)
  eden space 310272K, 100% used [0x00000000e0000000,0x00000000f2f00000,0x00000000f2f00000)
  from space 26112K, 99% used [0x00000000f2f00000,0x00000000f487f208,0x00000000f4880000)
  to   space 34816K, 0% used [0x00000000f7f80000,0x00000000f7f80000,0x00000000fa180000)
 ParOldGen       total 157696K, used 104003K [0x00000000a0000000, 0x00000000a9a00000, 0x00000000e0000000)
  object space 157696K, 65% used [0x00000000a0000000,0x00000000a6590f08,0x00000000a9a00000)
 Metaspace       used 98326K, capacity 102712K, committed 102872K, reserved 1138688K
  class space    used 12747K, capacity 13697K, committed 13824K, reserved 1048576K
Event: 201.091 GC heap after
Heap after GC invocations=36 (full 4):
 PSYoungGen      total 389632K, used 28324K [0x00000000e0000000, 0x00000000fbd80000, 0x0000000100000000)
  eden space 354816K, 0% used [0x00000000e0000000,0x00000000e0000000,0x00000000f5a80000)
  from space 34816K, 81% used [0x00000000f7f80000,0x00000000f9b293f8,0x00000000fa180000)
  to   space 37888K, 0% used [0x00000000f5a80000,0x00000000f5a80000,0x00000000f7f80000)
 ParOldGen       total 157696K, used 108586K [0x00000000a0000000, 0x00000000a9a00000, 0x00000000e0000000)
  object space 157696K, 68% used [0x00000000a0000000,0x00000000a6a0aa98,0x00000000a9a00000)
 Metaspace       used 98326K, capacity 102712K, committed 102872K, reserved 1138688K
  class space    used 12747K, capacity 13697K, committed 13824K, reserved 1048576K
}
Event: 204.598 GC heap before
{Heap before GC invocations=37 (full 4):
 PSYoungGen      total 389632K, used 383140K [0x00000000e0000000, 0x00000000fbd80000, 0x0000000100000000)
  eden space 354816K, 100% used [0x00000000e0000000,0x00000000f5a80000,0x00000000f5a80000)
  from space 34816K, 81% used [0x00000000f7f80000,0x00000000f9b293f8,0x00000000fa180000)
  to   space 37888K, 0% used [0x00000000f5a80000,0x00000000f5a80000,0x00000000f7f80000)
 ParOldGen       total 157696K, used 108586K [0x00000000a0000000, 0x00000000a9a00000, 0x00000000e0000000)
  object space 157696K, 68% used [0x00000000a0000000,0x00000000a6a0aa98,0x00000000a9a00000)
 Metaspace       used 100690K, capacity 105406K, committed 105560K, reserved 1140736K
  class space    used 13105K, capacity 14120K, committed 14208K, reserved 1048576K
Event: 204.848 GC heap after
Heap after GC invocations=37 (full 4):
 PSYoungGen      total 392704K, used 31104K [0x00000000e0000000, 0x00000000fef00000, 0x0000000100000000)
  eden space 354816K, 0% used [0x00000000e0000000,0x00000000e0000000,0x00000000f5a80000)
  from space 37888K, 82% used [0x00000000f5a80000,0x00000000f78e01d8,0x00000000f7f80000)
  to   space 41472K, 0% used [0x00000000fc680000,0x00000000fc680000,0x00000000fef00000)
 ParOldGen       total 157696K, used 111504K [0x00000000a0000000, 0x00000000a9a00000, 0x00000000e0000000)
  object space 157696K, 70% used [0x00000000a0000000,0x00000000a6ce4100,0x00000000a9a00000)
 Metaspace       used 100690K, capacity 105406K, committed 105560K, reserved 1140736K
  class space    used 13105K, capacity 14120K, committed 14208K, reserved 1048576K
}
Event: 208.988 GC heap before
{Heap before GC invocations=38 (full 4):
 PSYoungGen      total 392704K, used 385920K [0x00000000e0000000, 0x00000000fef00000, 0x0000000100000000)
  eden space 354816K, 100% used [0x00000000e0000000,0x00000000f5a80000,0x00000000f5a80000)
  from space 37888K, 82% used [0x00000000f5a80000,0x00000000f78e01d8,0x00000000f7f80000)
  to   space 41472K, 0% used [0x00000000fc680000,0x00000000fc680000,0x00000000fef00000)
 ParOldGen       total 157696K, used 111504K [0x00000000a0000000, 0x00000000a9a00000, 0x00000000e0000000)
  object space 157696K, 70% used [0x00000000a0000000,0x00000000a6ce4100,0x00000000a9a00000)
 Metaspace       used 102817K, capacity 107786K, committed 108120K, reserved 1142784K
  class space    used 13274K, capacity 14320K, committed 14464K, reserved 1048576K
Event: 209.092 GC heap after
Heap after GC invocations=38 (full 4):
 PSYoungGen      total 463360K, used 25948K [0x00000000e0000000, 0x00000000fef00000, 0x0000000100000000)
  eden space 421888K, 0% used [0x00000000e0000000,0x00000000e0000000,0x00000000f9c00000)
  from space 41472K, 62% used [0x00000000fc680000,0x00000000fdfd73e8,0x00000000fef00000)
  to   space 42496K, 0% used [0x00000000f9c00000,0x00000000f9c00000,0x00000000fc580000)
 ParOldGen       total 157696K, used 123011K [0x00000000a0000000, 0x00000000a9a00000, 0x00000000e0000000)
  object space 157696K, 78% used [0x00000000a0000000,0x00000000a7820e50,0x00000000a9a00000)
 Metaspace       used 102817K, capacity 107786K, committed 108120K, reserved 1142784K
  class space    used 13274K, capacity 14320K, committed 14464K, reserved 1048576K
}
Event: 213.522 GC heap before
{Heap before GC invocations=39 (full 4):
 PSYoungGen      total 463360K, used 447836K [0x00000000e0000000, 0x00000000fef00000, 0x0000000100000000)
  eden space 421888K, 100% used [0x00000000e0000000,0x00000000f9c00000,0x00000000f9c00000)
  from space 41472K, 62% used [0x00000000fc680000,0x00000000fdfd73e8,0x00000000fef00000)
  to   space 42496K, 0% used [0x00000000f9c00000,0x00000000f9c00000,0x00000000fc580000)
 ParOldGen       total 157696K, used 123011K [0x00000000a0000000, 0x00000000a9a00000, 0x00000000e0000000)
  object space 157696K, 78% used [0x00000000a0000000,0x00000000a7820e50,0x00000000a9a00000)
 Metaspace       used 103607K, capacity 108716K, committed 108888K, reserved 1144832K
  class space    used 13360K, capacity 14409K, committed 14464K, reserved 1048576K
Event: 213.681 GC heap after
Heap after GC invocations=39 (full 4):
 PSYoungGen      total 464384K, used 21539K [0x00000000e0000000, 0x00000000fff00000, 0x0000000100000000)
  eden space 421888K, 0% used [0x00000000e0000000,0x00000000e0000000,0x00000000f9c00000)
  from space 42496K, 50% used [0x00000000f9c00000,0x00000000fb108f88,0x00000000fc580000)
  to   space 41472K, 0% used [0x00000000fd680000,0x00000000fd680000,0x00000000fff00000)
 ParOldGen       total 157696K, used 128249K [0x00000000a0000000, 0x00000000a9a00000, 0x00000000e0000000)
  object space 157696K, 81% used [0x00000000a0000000,0x00000000a7d3e478,0x00000000a9a00000)
 Metaspace       used 103607K, capacity 108716K, committed 108888K, reserved 1144832K
  class space    used 13360K, capacity 14409K, committed 14464K, reserved 1048576K
}

