# JRE version: OpenJDK Runtime Environment (8.0_152-b01) (build 1.8.0_152-release-1343-b01)
# Java VM: OpenJDK 64-Bit Server VM (25.152-b01 mixed mode windows-amd64 compressed oops)
Heap:
 PSYoungGen      total 17920K, used 6075K [0x00000000ec980000, 0x00000000edd80000, 0x0000000100000000)
  eden space 15360K, 22% used [0x00000000ec980000,0x00000000eccf2f18,0x00000000ed880000)
  from space 2560K, 99% used [0x00000000edb00000,0x00000000edd7c030,0x00000000edd80000)
  to   space 2560K, 0% used [0x00000000ed880000,0x00000000ed880000,0x00000000edb00000)
 ParOldGen       total 40960K, used 1164K [0x00000000c5c00000, 0x00000000c8400000, 0x00000000ec980000)
  object space 40960K, 2% used [0x00000000c5c00000,0x00000000c5d23290,0x00000000c8400000)
 Metaspace       used 9423K, capacity 9756K, committed 9856K, reserved 1058816K
  class space    used 1239K, capacity 1356K, committed 1408K, reserved 1048576K
GC Heap History (4 events):
Event: 4.513 GC heap before
{Heap before GC invocations=1 (full 0):
 PSYoungGen      total 17920K, used 15360K [0x00000000ec980000, 0x00000000edd80000, 0x0000000100000000)
  eden space 15360K, 100% used [0x00000000ec980000,0x00000000ed880000,0x00000000ed880000)
  from space 2560K, 0% used [0x00000000edb00000,0x00000000edb00000,0x00000000edd80000)
  to   space 2560K, 0% used [0x00000000ed880000,0x00000000ed880000,0x00000000edb00000)
 ParOldGen       total 40960K, used 0K [0x00000000c5c00000, 0x00000000c8400000, 0x00000000ec980000)
  object space 40960K, 0% used [0x00000000c5c00000,0x00000000c5c00000,0x00000000c8400000)
 Metaspace       used 5932K, capacity 6144K, committed 6144K, reserved 1056768K
  class space    used 716K, capacity 768K, committed 768K, reserved 1048576K
Event: 4.546 GC heap after
Heap after GC invocations=1 (full 0):
 PSYoungGen      total 17920K, used 2534K [0x00000000ec980000, 0x00000000edd80000, 0x0000000100000000)
  eden space 15360K, 0% used [0x00000000ec980000,0x00000000ec980000,0x00000000ed880000)
  from space 2560K, 99% used [0x00000000ed880000,0x00000000edaf9ab0,0x00000000edb00000)
  to   space 2560K, 0% used [0x00000000edb00000,0x00000000edb00000,0x00000000edd80000)
 ParOldGen       total 40960K, used 8K [0x00000000c5c00000, 0x00000000c8400000, 0x00000000ec980000)
  object space 40960K, 0% used [0x00000000c5c00000,0x00000000c5c02000,0x00000000c8400000)
 Metaspace       used 5932K, capacity 6144K, committed 6144K, reserved 1056768K
  class space    used 716K, capacity 768K, committed 768K, reserved 1048576K
}
Event: 6.515 GC heap before
{Heap before GC invocations=2 (full 0):
 PSYoungGen      total 17920K, used 17894K [0x00000000ec980000, 0x00000000edd80000, 0x0000000100000000)
  eden space 15360K, 100% used [0x00000000ec980000,0x00000000ed880000,0x00000000ed880000)
  from space 2560K, 99% used [0x00000000ed880000,0x00000000edaf9ab0,0x00000000edb00000)
  to   space 2560K, 0% used [0x00000000edb00000,0x00000000edb00000,0x00000000edd80000)
 ParOldGen       total 40960K, used 8K [0x00000000c5c00000, 0x00000000c8400000, 0x00000000ec980000)
  object space 40960K, 0% used [0x00000000c5c00000,0x00000000c5c02000,0x00000000c8400000)
 Metaspace       used 8748K, capacity 9020K, committed 9216K, reserved 1056768K
  class space    used 1151K, capacity 1260K, committed 1280K, reserved 1048576K
Event: 6.539 GC heap after
Heap after GC invocations=2 (full 0):
 PSYoungGen      total 17920K, used 2544K [0x00000000ec980000, 0x00000000edd80000, 0x0000000100000000)
  eden space 15360K, 0% used [0x00000000ec980000,0x00000000ec980000,0x00000000ed880000)
  from space 2560K, 99% used [0x00000000edb00000,0x00000000edd7c030,0x00000000edd80000)
  to   space 2560K, 0% used [0x00000000ed880000,0x00000000ed880000,0x00000000edb00000)
 ParOldGen       total 40960K, used 1164K [0x00000000c5c00000, 0x00000000c8400000, 0x00000000ec980000)
  object space 40960K, 2% used [0x00000000c5c00000,0x00000000c5d23290,0x00000000c8400000)
 Metaspace       used 8748K, capacity 9020K, committed 9216K, reserved 1056768K
  class space    used 1151K, capacity 1260K, committed 1280K, reserved 1048576K
}

